<?xml version="1.0" encoding="UTF-8"?>
<!-- Generated by org.testng.reporters.JUnitReportReporter -->
<testsuite hostname="DESKTOP-DOUR4FQ" failures="0" tests="1" name="automation.newlesson.mvnTest.MvnTest" time="0.005" errors="0" timestamp="2021-12-21T20:52:10 EET" skipped="0">
  <testcase classname="automation.newlesson.mvnTest.MvnTest" name="mvnTest" time="0.005"/>
  <system-out/>
</testsuite> <!-- automation.newlesson.mvnTest.MvnTest -->
